# JRE version: Java(TM) SE Runtime Environment (7.0_79-b15) (build 1.7.0_79-b15)
# Java VM: Java HotSpot(TM) 64-Bit Server VM (24.79-b02 mixed mode windows-amd64 compressed oops)
Heap
 PSYoungGen      total 38912K, used 21472K [0x00000000fd500000, 0x0000000100000000, 0x0000000100000000)
  eden space 33792K, 48% used [0x00000000fd500000,0x00000000fe4ff8b0,0x00000000ff600000)
  from space 5120K, 99% used [0x00000000ff600000,0x00000000ffaf88c8,0x00000000ffb00000)
  to   space 5120K, 0% used [0x00000000ffb00000,0x00000000ffb00000,0x0000000100000000)
 ParOldGen       total 87552K, used 13166K [0x00000000f7f80000, 0x00000000fd500000, 0x00000000fd500000)
  object space 87552K, 15% used [0x00000000f7f80000,0x00000000f8c5b858,0x00000000fd500000)
 PSPermGen       total 32256K, used 32069K [0x00000000f2d80000, 0x00000000f4d00000, 0x00000000f7f80000)
  object space 32256K, 99% used [0x00000000f2d80000,0x00000000f4cd15f0,0x00000000f4d00000)
GC Heap History (6 events):
Event: 1.349 GC heap before
{Heap before GC invocations=1 (full 0):
 PSYoungGen      total 38912K, used 33792K [0x00000000fd500000, 0x0000000100000000, 0x0000000100000000)
  eden space 33792K, 100% used [0x00000000fd500000,0x00000000ff600000,0x00000000ff600000)
  from space 5120K, 0% used [0x00000000ffb00000,0x00000000ffb00000,0x0000000100000000)
  to   space 5120K, 0% used [0x00000000ff600000,0x00000000ff600000,0x00000000ffb00000)
 ParOldGen       total 87552K, used 0K [0x00000000f7f80000, 0x00000000fd500000, 0x00000000fd500000)
  object space 87552K, 0% used [0x00000000f7f80000,0x00000000f7f80000,0x00000000fd500000)
 PSPermGen       total 21504K, used 18835K [0x00000000f2d80000, 0x00000000f4280000, 0x00000000f7f80000)
  object space 21504K, 87% used [0x00000000f2d80000,0x00000000f3fe4fb0,0x00000000f4280000)
Event: 1.362 GC heap after
Heap after GC invocations=1 (full 0):
 PSYoungGen      total 38912K, used 5118K [0x00000000fd500000, 0x0000000100000000, 0x0000000100000000)
  eden space 33792K, 0% used [0x00000000fd500000,0x00000000fd500000,0x00000000ff600000)
  from space 5120K, 99% used [0x00000000ff600000,0x00000000ffaffa70,0x00000000ffb00000)
  to   space 5120K, 0% used [0x00000000ffb00000,0x00000000ffb00000,0x0000000100000000)
 ParOldGen       total 87552K, used 1794K [0x00000000f7f80000, 0x00000000fd500000, 0x00000000fd500000)
  object space 87552K, 2% used [0x00000000f7f80000,0x00000000f81409b8,0x00000000fd500000)
 PSPermGen       total 21504K, used 18835K [0x00000000f2d80000, 0x00000000f4280000, 0x00000000f7f80000)
  object space 21504K, 87% used [0x00000000f2d80000,0x00000000f3fe4fb0,0x00000000f4280000)
}
Event: 3.705 GC heap before
{Heap before GC invocations=2 (full 0):
 PSYoungGen      total 38912K, used 38910K [0x00000000fd500000, 0x0000000100000000, 0x0000000100000000)
  eden space 33792K, 100% used [0x00000000fd500000,0x00000000ff600000,0x00000000ff600000)
  from space 5120K, 99% used [0x00000000ff600000,0x00000000ffaffa70,0x00000000ffb00000)
  to   space 5120K, 0% used [0x00000000ffb00000,0x00000000ffb00000,0x0000000100000000)
 ParOldGen       total 87552K, used 1794K [0x00000000f7f80000, 0x00000000fd500000, 0x00000000fd500000)
  object space 87552K, 2% used [0x00000000f7f80000,0x00000000f81409b8,0x00000000fd500000)
 PSPermGen       total 26624K, used 26525K [0x00000000f2d80000, 0x00000000f4780000, 0x00000000f7f80000)
  object space 26624K, 99% used [0x00000000f2d80000,0x00000000f4767598,0x00000000f4780000)
Event: 3.720 GC heap after
Heap after GC invocations=2 (full 0):
 PSYoungGen      total 38912K, used 5100K [0x00000000fd500000, 0x0000000100000000, 0x0000000100000000)
  eden space 33792K, 0% used [0x00000000fd500000,0x00000000fd500000,0x00000000ff600000)
  from space 5120K, 99% used [0x00000000ffb00000,0x00000000ffffb058,0x0000000100000000)
  to   space 5120K, 0% used [0x00000000ff600000,0x00000000ff600000,0x00000000ffb00000)
 ParOldGen       total 87552K, used 7476K [0x00000000f7f80000, 0x00000000fd500000, 0x00000000fd500000)
  object space 87552K, 8% used [0x00000000f7f80000,0x00000000f86cd1d8,0x00000000fd500000)
 PSPermGen       total 26624K, used 26525K [0x00000000f2d80000, 0x00000000f4780000, 0x00000000f7f80000)
  object space 26624K, 99% used [0x00000000f2d80000,0x00000000f4767598,0x00000000f4780000)
}
Event: 4.860 GC heap before
{Heap before GC invocations=3 (full 0):
 PSYoungGen      total 38912K, used 35148K [0x00000000fd500000, 0x0000000100000000, 0x0000000100000000)
  eden space 33792K, 88% used [0x00000000fd500000,0x00000000ff257ff0,0x00000000ff600000)
  from space 5120K, 99% used [0x00000000ffb00000,0x00000000ffffb058,0x0000000100000000)
  to   space 5120K, 0% used [0x00000000ff600000,0x00000000ff600000,0x00000000ffb00000)
 ParOldGen       total 87552K, used 7476K [0x00000000f7f80000, 0x00000000fd500000, 0x00000000fd500000)
  object space 87552K, 8% used [0x00000000f7f80000,0x00000000f86cd1d8,0x00000000fd500000)
 PSPermGen       total 32256K, used 31753K [0x00000000f2d80000, 0x00000000f4d00000, 0x00000000f7f80000)
  object space 32256K, 98% used [0x00000000f2d80000,0x00000000f4c82730,0x00000000f4d00000)
Event: 4.873 GC heap after
Heap after GC invocations=3 (full 0):
 PSYoungGen      total 38912K, used 5090K [0x00000000fd500000, 0x0000000100000000, 0x0000000100000000)
  eden space 33792K, 0% used [0x00000000fd500000,0x00000000fd500000,0x00000000ff600000)
  from space 5120K, 99% used [0x00000000ff600000,0x00000000ffaf88c8,0x00000000ffb00000)
  to   space 5120K, 0% used [0x00000000ffb00000,0x00000000ffb00000,0x0000000100000000)
 ParOldGen       total 87552K, used 13166K [0x00000000f7f80000, 0x00000000fd500000, 0x00000000fd500000)
  object space 87552K, 15% used [0x00000000f7f80000,0x00000000f8c5b858,0x00000000fd500000)
 PSPermGen       total 32256K, used 31753K [0x00000000f2d80000, 0x00000000f4d00000, 0x00000000f7f80000)
  object space 32256K, 98% used [0x00000000f2d80000,0x00000000f4c82730,0x00000000f4d00000)
}

